<?xml version="1.0" encoding="UTF-8"?>
<!-- Generated by org.testng.reporters.JUnitXMLReporter -->
<testsuite ignored="0" hostname="DESKTOP-26L8LO1" failures="2" tests="2" name="Default test" time="13.687" errors="0" timestamp="2025-07-19T19:14:59 IST">
  <testcase classname="io.cucumber.testng.AbstractTestNGCucumberTests" name="runScenario" time="5.519">
    <failure type="io.cucumber.testng.UndefinedStepException" message="The step &amp;apos;close the browser&amp;apos; is undefined.
You can implement this step using the snippet(s) below:

@When(&amp;quot;close the browser&amp;quot;)
public void close_the_browser() {
    // Write code here that turns the phrase above into concrete actions
    throw new io.cucumber.java.PendingException();
}
">
      <![CDATA[io.cucumber.testng.UndefinedStepException: The step 'close the browser' is undefined.
You can implement this step using the snippet(s) below:

@When("close the browser")
public void close_the_browser() {
    // Write code here that turns the phrase above into concrete actions
    throw new io.cucumber.java.PendingException();
}

at ✽.close the browser(file:///C:/Users/hp/eclipse-workspace/project1/features/login.feature:39)
]]>
    </failure>
  </testcase> <!-- runScenario -->
  <testcase classname="io.cucumber.testng.AbstractTestNGCucumberTests" name="runScenario" time="6.123">
    <failure type="io.cucumber.testng.UndefinedStepException" message="The step &amp;apos;close the browser&amp;apos; is undefined.
You can implement this step using the snippet(s) below:

@When(&amp;quot;close the browser&amp;quot;)
public void close_the_browser() {
    // Write code here that turns the phrase above into concrete actions
    throw new io.cucumber.java.PendingException();
}
">
      <![CDATA[io.cucumber.testng.UndefinedStepException: The step 'close the browser' is undefined.
You can implement this step using the snippet(s) below:

@When("close the browser")
public void close_the_browser() {
    // Write code here that turns the phrase above into concrete actions
    throw new io.cucumber.java.PendingException();
}

at ✽.close the browser(file:///C:/Users/hp/eclipse-workspace/project1/features/login.feature:39)
]]>
    </failure>
  </testcase> <!-- runScenario -->
</testsuite> <!-- Default test -->
